Intel compiler suite version 19.0.5 loaded.
Curl version 7.54.0 unloaded.
Curl version 7.54.0 loaded.
Sun/Oracle Java SE Development Kit version 11.0.2 loaded.
R version 4.1.1 loaded
Package 'mclust' version 5.4.7
Type 'citation("mclust")' for citing this R package in publications.
Loading required package: MatrixGenerics
Loading required package: matrixStats

Attaching package: ‘MatrixGenerics’

The following objects are masked from ‘package:matrixStats’:

    colAlls, colAnyNAs, colAnys, colAvgsPerRowSet, colCollapse,
    colCounts, colCummaxs, colCummins, colCumprods, colCumsums,
    colDiffs, colIQRDiffs, colIQRs, colLogSumExps, colMadDiffs,
    colMads, colMaxs, colMeans2, colMedians, colMins, colOrderStats,
    colProds, colQuantiles, colRanges, colRanks, colSdDiffs, colSds,
    colSums2, colTabulates, colVarDiffs, colVars, colWeightedMads,
    colWeightedMeans, colWeightedMedians, colWeightedSds,
    colWeightedVars, rowAlls, rowAnyNAs, rowAnys, rowAvgsPerColSet,
    rowCollapse, rowCounts, rowCummaxs, rowCummins, rowCumprods,
    rowCumsums, rowDiffs, rowIQRDiffs, rowIQRs, rowLogSumExps,
    rowMadDiffs, rowMads, rowMaxs, rowMeans2, rowMedians, rowMins,
    rowOrderStats, rowProds, rowQuantiles, rowRanges, rowRanks,
    rowSdDiffs, rowSds, rowSums2, rowTabulates, rowVarDiffs, rowVars,
    rowWeightedMads, rowWeightedMeans, rowWeightedMedians,
    rowWeightedSds, rowWeightedVars

Loading required package: GenomicRanges
Loading required package: stats4
Loading required package: BiocGenerics

Attaching package: ‘BiocGenerics’

The following objects are masked from ‘package:stats’:

    IQR, mad, sd, var, xtabs

The following objects are masked from ‘package:base’:

    anyDuplicated, append, as.data.frame, basename, cbind, colnames,
    dirname, do.call, duplicated, eval, evalq, Filter, Find, get, grep,
    grepl, intersect, is.unsorted, lapply, Map, mapply, match, mget,
    order, paste, pmax, pmax.int, pmin, pmin.int, Position, rank,
    rbind, Reduce, rownames, sapply, setdiff, sort, table, tapply,
    union, unique, unsplit, which.max, which.min

Loading required package: S4Vectors

Attaching package: ‘S4Vectors’

The following objects are masked from ‘package:base’:

    expand.grid, I, unname

Loading required package: IRanges
Loading required package: GenomeInfoDb
Loading required package: Biobase
Welcome to Bioconductor

    Vignettes contain introductory material; view with
    'browseVignettes()'. To cite Bioconductor, see
    'citation("Biobase")', and for packages 'citation("pkgname")'.


Attaching package: ‘Biobase’

The following object is masked from ‘package:MatrixGenerics’:

    rowMedians

The following objects are masked from ‘package:matrixStats’:

    anyMissing, rowMedians

Setting SC3 parameters...
Performing transformations and calculating eigenvectors...
Loading required package: SC3
loaded SC3 and set parent environment
Loading required package: foreach
Loading required package: rngtools
Performing k-means clustering...
Loading required package: SC3
Loading required package: SC3
Loading required package: SC3
Loading required package: SC3
Loading required package: SC3
Loading required package: SC3
Loading required package: SC3
Loading required package: SC3
Loading required package: SC3
Loading required package: SC3
Loading required package: SC3
Loading required package: SC3
Loading required package: SC3
Loading required package: SC3
Loading required package: SC3
Loading required package: SC3
Loading required package: SC3
Loading required package: SC3
Loading required package: SC3
Loading required package: SC3
Loading required package: SC3
Loading required package: SC3
Loading required package: SC3
Loading required package: SC3
Loading required package: SC3
Loading required package: SC3
Loading required package: SC3
Loading required package: SC3
Loading required package: SC3
Loading required package: SC3
Loading required package: SC3
Loading required package: SC3
Loading required package: SC3
Loading required package: SC3
Loading required package: SC3
Loading required package: SC3
Loading required package: SC3
Loading required package: SC3
Loading required package: SC3
loaded SC3 and set parent environment
Loading required package: foreach
Loading required package: rngtools
loaded SC3 and set parent environment
Loading required package: foreach
Loading required package: rngtools
loaded SC3 and set parent environment
Loading required package: foreach
Loading required package: rngtools
loaded SC3 and set parent environment
Loading required package: foreach
Loading required package: rngtools
loaded SC3 and set parent environment
Loading required package: foreach
loaded SC3 and set parent environment
Loading required package: foreach
Loading required package: rngtools
Loading required package: rngtools
loaded SC3 and set parent environment
Loading required package: foreach
Loading required package: rngtools
loaded SC3 and set parent environment
loaded SC3 and set parent environment
Loading required package: foreach
Loading required package: foreach
Loading required package: rngtools
Loading required package: rngtools
loaded SC3 and set parent environment
Loading required package: foreach
Loading required package: rngtools
loaded SC3 and set parent environment
loaded SC3 and set parent environment
Loading required package: foreach
Loading required package: rngtools
Loading required package: foreach
Loading required package: rngtools
loaded SC3 and set parent environment
loaded SC3 and set parent environment
Loading required package: foreach
Loading required package: rngtools
loaded SC3 and set parent environment
Loading required package: foreach
loaded SC3 and set parent environment
Loading required package: rngtools
Loading required package: foreach
Loading required package: foreach
Loading required package: rngtools
Loading required package: rngtools
loaded SC3 and set parent environment
Loading required package: foreach
Loading required package: rngtools
loaded SC3 and set parent environment
Loading required package: foreach
Loading required package: rngtools
loaded SC3 and set parent environment
Loading required package: foreach
Loading required package: rngtools
loaded SC3 and set parent environment
Loading required package: foreach
Loading required package: rngtools
loaded SC3 and set parent environment
Loading required package: foreach
loaded SC3 and set parent environment
Loading required package: foreach
Loading required package: rngtools
Loading required package: rngtools
loaded SC3 and set parent environment
Loading required package: foreach
Loading required package: rngtools
loaded SC3 and set parent environment
Loading required package: foreach
Loading required package: rngtools
loaded SC3 and set parent environment
Loading required package: foreach
Loading required package: rngtools
loaded SC3 and set parent environment
Loading required package: foreach
Loading required package: rngtools
loaded SC3 and set parent environment
Loading required package: foreach
Loading required package: rngtools
loaded SC3 and set parent environment
Loading required package: foreach
Loading required package: rngtools
loaded SC3 and set parent environment
loaded SC3 and set parent environment
Loading required package: foreach
Loading required package: foreach
loaded SC3 and set parent environment
Loading required package: rngtools
Loading required package: rngtools
Loading required package: foreach
Loading required package: rngtools
loaded SC3 and set parent environment
Loading required package: foreach
Loading required package: rngtools
loaded SC3 and set parent environment
Loading required package: foreach
loaded SC3 and set parent environment
Loading required package: rngtools
Loading required package: foreach
Loading required package: rngtools
loaded SC3 and set parent environment
Loading required package: foreach
Loading required package: rngtools
loaded SC3 and set parent environment
Loading required package: foreach
Loading required package: rngtools
loaded SC3 and set parent environment
Loading required package: foreach
Loading required package: rngtools
loaded SC3 and set parent environment
Loading required package: foreach
Loading required package: rngtools
loaded SC3 and set parent environment
Loading required package: foreach
Loading required package: rngtools
Calculating consensus matrix...
Loading required package: SC3
loaded SC3 and set parent environment
Loading required package: foreach
Loading required package: rngtools
