/var/spool/slurm/d/job989980/slurm_script: line 15: intel/19.0.5: No such file or directory
/var/spool/slurm/d/job989980/slurm_script: line 16: r/4.1.1: No such file or directory
Installing package into ‘/geode2/home/u060/mamalec/Carbonate/R/x86_64-pc-linux-gnu-library/4.1’
(as ‘lib’ is unspecified)
Installing package into ‘/geode2/home/u060/mamalec/Carbonate/R/x86_64-pc-linux-gnu-library/4.1’
(as ‘lib’ is unspecified)
Installing package into ‘/geode2/home/u060/mamalec/Carbonate/R/x86_64-pc-linux-gnu-library/4.1’
(as ‘lib’ is unspecified)
Installing package into ‘/geode2/home/u060/mamalec/Carbonate/R/x86_64-pc-linux-gnu-library/4.1’
(as ‘lib’ is unspecified)
Installing package into ‘/geode2/home/u060/mamalec/Carbonate/R/x86_64-pc-linux-gnu-library/4.1’
(as ‘lib’ is unspecified)
Installing package into ‘/geode2/home/u060/mamalec/Carbonate/R/x86_64-pc-linux-gnu-library/4.1’
(as ‘lib’ is unspecified)
Installing package into ‘/geode2/home/u060/mamalec/Carbonate/R/x86_64-pc-linux-gnu-library/4.1’
(as ‘lib’ is unspecified)
Installing package into ‘/geode2/home/u060/mamalec/Carbonate/R/x86_64-pc-linux-gnu-library/4.1’
(as ‘lib’ is unspecified)
Installing package into ‘/geode2/home/u060/mamalec/Carbonate/R/x86_64-pc-linux-gnu-library/4.1’
(as ‘lib’ is unspecified)
Installing package into ‘/geode2/home/u060/mamalec/Carbonate/R/x86_64-pc-linux-gnu-library/4.1’
(as ‘lib’ is unspecified)
Installing package into ‘/geode2/home/u060/mamalec/Carbonate/R/x86_64-pc-linux-gnu-library/4.1’
(as ‘lib’ is unspecified)
Installing package into ‘/geode2/home/u060/mamalec/Carbonate/R/x86_64-pc-linux-gnu-library/4.1’
(as ‘lib’ is unspecified)
Installing package into ‘/geode2/home/u060/mamalec/Carbonate/R/x86_64-pc-linux-gnu-library/4.1’
(as ‘lib’ is unspecified)
Installing package into ‘/geode2/home/u060/mamalec/Carbonate/R/x86_64-pc-linux-gnu-library/4.1’
(as ‘lib’ is unspecified)
Installing package into ‘/geode2/home/u060/mamalec/Carbonate/R/x86_64-pc-linux-gnu-library/4.1’
(as ‘lib’ is unspecified)
Warning in dir.create(lockdir, recursive = TRUE) :
  '/geode2/home/u060/mamalec/Carbonate/R/x86_64-pc-linux-gnu-library/4.1/00LOCK-SC3' already exists
ERROR: failed to lock directory ‘/geode2/home/u060/mamalec/Carbonate/R/x86_64-pc-linux-gnu-library/4.1’ for modifying
Try removing ‘/geode2/home/u060/mamalec/Carbonate/R/x86_64-pc-linux-gnu-library/4.1/00LOCK-SC3’
Installing package into ‘/geode2/home/u060/mamalec/Carbonate/R/x86_64-pc-linux-gnu-library/4.1’
(as ‘lib’ is unspecified)
* installing *source* package ‘SC3’ ...
* installing *source* package ‘SC3’ ...
Warning message:
In install.packages("./SC3", repos = NULL, type = "source") :
  installation of package ‘./SC3’ had non-zero exit status
ERROR: failed to lock directory ‘/geode2/home/u060/mamalec/Carbonate/R/x86_64-pc-linux-gnu-library/4.1’ for modifying
Try removing ‘/geode2/home/u060/mamalec/Carbonate/R/x86_64-pc-linux-gnu-library/4.1/00LOCK-SC3’
mv: cannot stat ‘/geode2/home/u060/mamalec/Carbonate/R/x86_64-pc-linux-gnu-library/4.1/SC3’: No such file or directory
** using staged installation
** using staged installation
Warning message:
Package 'mclust' version 5.4.7
Type 'citation("mclust")' for citing this R package in publications.
In install.packages("./SC3", repos = NULL, type = "source") :
  installation of package ‘./SC3’ had non-zero exit status
Loading required package: MatrixGenerics
Loading required package: matrixStats
Warning in dir.create(outMetaDir) :
  '/geode2/home/u060/mamalec/Carbonate/R/x86_64-pc-linux-gnu-library/4.1/00LOCK-SC3/00new/SC3/Meta' already exists
Error in .install_package_description(".", instdir, built_stamp) : 
  cannot open directory '/geode2/home/u060/mamalec/Carbonate/R/x86_64-pc-linux-gnu-library/4.1/00LOCK-SC3/00new/SC3/Meta'
ERROR: installing package DESCRIPTION failed for package ‘SC3’
* removing ‘/geode2/home/u060/mamalec/Carbonate/R/x86_64-pc-linux-gnu-library/4.1/SC3’
* restoring previous ‘/geode2/home/u060/mamalec/Carbonate/R/x86_64-pc-linux-gnu-library/4.1/SC3’
** libs

Attaching package: ‘MatrixGenerics’

Package 'mclust' version 5.4.7
Type 'citation("mclust")' for citing this R package in publications.
The following objects are masked from ‘package:matrixStats’:

    colAlls, colAnyNAs, colAnys, colAvgsPerRowSet, colCollapse,
    colCounts, colCummaxs, colCummins, colCumprods, colCumsums,
    colDiffs, colIQRDiffs, colIQRs, colLogSumExps, colMadDiffs,
    colMads, colMaxs, colMeans2, colMedians, colMins, colOrderStats,
    colProds, colQuantiles, colRanges, colRanks, colSdDiffs, colSds,
    colSums2, colTabulates, colVarDiffs, colVars, colWeightedMads,
    colWeightedMeans, colWeightedMedians, colWeightedSds,
    colWeightedVars, rowAlls, rowAnyNAs, rowAnys, rowAvgsPerColSet,
    rowCollapse, rowCounts, rowCummaxs, rowCummins, rowCumprods,
    rowCumsums, rowDiffs, rowIQRDiffs, rowIQRs, rowLogSumExps,
    rowMadDiffs, rowMads, rowMaxs, rowMeans2, rowMedians, rowMins,
    rowOrderStats, rowProds, rowQuantiles, rowRanges, rowRanks,
    rowSdDiffs, rowSds, rowSums2, rowTabulates, rowVarDiffs, rowVars,
    rowWeightedMads, rowWeightedMeans, rowWeightedMedians,
    rowWeightedSds, rowWeightedVars

Loading required package: GenomicRanges
Loading required package: stats4
Loading required package: MatrixGenerics
Loading required package: BiocGenerics
installing to /geode2/home/u060/mamalec/Carbonate/R/x86_64-pc-linux-gnu-library/4.1/00LOCK-SC3/00new/SC3/libs
Loading required package: matrixStats

Attaching package: ‘BiocGenerics’

The following objects are masked from ‘package:stats’:

    IQR, mad, sd, var, xtabs

The following objects are masked from ‘package:base’:

    anyDuplicated, append, as.data.frame, basename, cbind, colnames,
    dirname, do.call, duplicated, eval, evalq, Filter, Find, get, grep,
    grepl, intersect, is.unsorted, lapply, Map, mapply, match, mget,
    order, paste, pmax, pmax.int, pmin, pmin.int, Position, rank,
    rbind, Reduce, rownames, sapply, setdiff, sort, table, tapply,
    union, unique, unsplit, which.max, which.min

Loading required package: S4Vectors
Warning message:
In install.packages("./SC3", repos = NULL, type = "source") :
  installation of package ‘./SC3’ had non-zero exit status

Attaching package: ‘MatrixGenerics’

The following objects are masked from ‘package:matrixStats’:

    colAlls, colAnyNAs, colAnys, colAvgsPerRowSet, colCollapse,
    colCounts, colCummaxs, colCummins, colCumprods, colCumsums,
    colDiffs, colIQRDiffs, colIQRs, colLogSumExps, colMadDiffs,
    colMads, colMaxs, colMeans2, colMedians, colMins, colOrderStats,
    colProds, colQuantiles, colRanges, colRanks, colSdDiffs, colSds,
    colSums2, colTabulates, colVarDiffs, colVars, colWeightedMads,
    colWeightedMeans, colWeightedMedians, colWeightedSds,
    colWeightedVars, rowAlls, rowAnyNAs, rowAnys, rowAvgsPerColSet,
    rowCollapse, rowCounts, rowCummaxs, rowCummins, rowCumprods,
    rowCumsums, rowDiffs, rowIQRDiffs, rowIQRs, rowLogSumExps,
    rowMadDiffs, rowMads, rowMaxs, rowMeans2, rowMedians, rowMins,
    rowOrderStats, rowProds, rowQuantiles, rowRanges, rowRanks,
    rowSdDiffs, rowSds, rowSums2, rowTabulates, rowVarDiffs, rowVars,
    rowWeightedMads, rowWeightedMeans, rowWeightedMedians,
    rowWeightedSds, rowWeightedVars


Attaching package: ‘S4Vectors’

The following objects are masked from ‘package:base’:

    expand.grid, I, unname

Loading required package: GenomicRanges
Loading required package: IRanges
Loading required package: stats4
Loading required package: BiocGenerics
ERROR: failed to lock directory ‘/geode2/home/u060/mamalec/Carbonate/R/x86_64-pc-linux-gnu-library/4.1’ for modifying
Try removing ‘/geode2/home/u060/mamalec/Carbonate/R/x86_64-pc-linux-gnu-library/4.1/00LOCK-SC3’
Loading required package: GenomeInfoDb

Attaching package: ‘BiocGenerics’

The following objects are masked from ‘package:stats’:

    IQR, mad, sd, var, xtabs

The following objects are masked from ‘package:base’:

    anyDuplicated, append, as.data.frame, basename, cbind, colnames,
    dirname, do.call, duplicated, eval, evalq, Filter, Find, get, grep,
    grepl, intersect, is.unsorted, lapply, Map, mapply, match, mget,
    order, paste, pmax, pmax.int, pmin, pmin.int, Position, rank,
    rbind, Reduce, rownames, sapply, setdiff, sort, table, tapply,
    union, unique, unsplit, which.max, which.min

Loading required package: S4Vectors
Package 'mclust' version 5.4.7
Type 'citation("mclust")' for citing this R package in publications.
Warning message:
In install.packages("./SC3", repos = NULL, type = "source") :
  installation of package ‘./SC3’ had non-zero exit status
Loading required package: MatrixGenerics

Attaching package: ‘S4Vectors’

The following objects are masked from ‘package:base’:

    expand.grid, I, unname

Loading required package: matrixStats
Loading required package: IRanges
** R
Package 'mclust' version 5.4.7
Type 'citation("mclust")' for citing this R package in publications.
Loading required package: GenomeInfoDb

Attaching package: ‘MatrixGenerics’

The following objects are masked from ‘package:matrixStats’:

    colAlls, colAnyNAs, colAnys, colAvgsPerRowSet, colCollapse,
    colCounts, colCummaxs, colCummins, colCumprods, colCumsums,
    colDiffs, colIQRDiffs, colIQRs, colLogSumExps, colMadDiffs,
    colMads, colMaxs, colMeans2, colMedians, colMins, colOrderStats,
    colProds, colQuantiles, colRanges, colRanks, colSdDiffs, colSds,
    colSums2, colTabulates, colVarDiffs, colVars, colWeightedMads,
    colWeightedMeans, colWeightedMedians, colWeightedSds,
    colWeightedVars, rowAlls, rowAnyNAs, rowAnys, rowAvgsPerColSet,
    rowCollapse, rowCounts, rowCummaxs, rowCummins, rowCumprods,
    rowCumsums, rowDiffs, rowIQRDiffs, rowIQRs, rowLogSumExps,
    rowMadDiffs, rowMads, rowMaxs, rowMeans2, rowMedians, rowMins,
    rowOrderStats, rowProds, rowQuantiles, rowRanges, rowRanks,
    rowSdDiffs, rowSds, rowSums2, rowTabulates, rowVarDiffs, rowVars,
    rowWeightedMads, rowWeightedMeans, rowWeightedMedians,
    rowWeightedSds, rowWeightedVars

Loading required package: GenomicRanges
Loading required package: Biobase
** data
Loading required package: stats4
Loading required package: MatrixGenerics
Welcome to Bioconductor

    Vignettes contain introductory material; view with
    'browseVignettes()'. To cite Bioconductor, see
    'citation("Biobase")', and for packages 'citation("pkgname")'.

Loading required package: BiocGenerics
Loading required package: matrixStats

Attaching package: ‘Biobase’

The following object is masked from ‘package:MatrixGenerics’:

    rowMedians

The following objects are masked from ‘package:matrixStats’:

    anyMissing, rowMedians


Attaching package: ‘BiocGenerics’

The following objects are masked from ‘package:stats’:

    IQR, mad, sd, var, xtabs

The following objects are masked from ‘package:base’:

    anyDuplicated, append, as.data.frame, basename, cbind, colnames,
    dirname, do.call, duplicated, eval, evalq, Filter, Find, get, grep,
    grepl, intersect, is.unsorted, lapply, Map, mapply, match, mget,
    order, paste, pmax, pmax.int, pmin, pmin.int, Position, rank,
    rbind, Reduce, rownames, sapply, setdiff, sort, table, tapply,
    union, unique, unsplit, which.max, which.min

Loading required package: S4Vectors
ERROR: failed to lock directory ‘/geode2/home/u060/mamalec/Carbonate/R/x86_64-pc-linux-gnu-library/4.1’ for modifying
Try removing ‘/geode2/home/u060/mamalec/Carbonate/R/x86_64-pc-linux-gnu-library/4.1/00LOCK-SC3’

Attaching package: ‘MatrixGenerics’


Attaching package: ‘S4Vectors’

The following objects are masked from ‘package:base’:

    expand.grid, I, unname

The following objects are masked from ‘package:matrixStats’:

    colAlls, colAnyNAs, colAnys, colAvgsPerRowSet, colCollapse,
    colCounts, colCummaxs, colCummins, colCumprods, colCumsums,
    colDiffs, colIQRDiffs, colIQRs, colLogSumExps, colMadDiffs,
    colMads, colMaxs, colMeans2, colMedians, colMins, colOrderStats,
    colProds, colQuantiles, colRanges, colRanks, colSdDiffs, colSds,
    colSums2, colTabulates, colVarDiffs, colVars, colWeightedMads,
    colWeightedMeans, colWeightedMedians, colWeightedSds,
    colWeightedVars, rowAlls, rowAnyNAs, rowAnys, rowAvgsPerColSet,
    rowCollapse, rowCounts, rowCummaxs, rowCummins, rowCumprods,
    rowCumsums, rowDiffs, rowIQRDiffs, rowIQRs, rowLogSumExps,
    rowMadDiffs, rowMads, rowMaxs, rowMeans2, rowMedians, rowMins,
    rowOrderStats, rowProds, rowQuantiles, rowRanges, rowRanks,
    rowSdDiffs, rowSds, rowSums2, rowTabulates, rowVarDiffs, rowVars,
    rowWeightedMads, rowWeightedMeans, rowWeightedMedians,
    rowWeightedSds, rowWeightedVars

Loading required package: IRanges
Loading required package: GenomicRanges
*** moving datasets to lazyload DB
Loading required package: stats4
Error in data2LazyLoadDB(pkg_name, lib, compress = data_compress) : 
  there is no package called ‘SC3’
ERROR: lazydata failed for package ‘SC3’
* removing ‘/geode2/home/u060/mamalec/Carbonate/R/x86_64-pc-linux-gnu-library/4.1/SC3’
Loading required package: Biobase
Loading required package: BiocGenerics
Loading required package: GenomeInfoDb
Welcome to Bioconductor

    Vignettes contain introductory material; view with
    'browseVignettes()'. To cite Bioconductor, see
    'citation("Biobase")', and for packages 'citation("pkgname")'.

Warning message:
In install.packages("./SC3", repos = NULL, type = "source") :
  installation of package ‘./SC3’ had non-zero exit status

Attaching package: ‘Biobase’

The following object is masked from ‘package:MatrixGenerics’:

    rowMedians

The following objects are masked from ‘package:matrixStats’:

    anyMissing, rowMedians

Error in library(SC3) : there is no package called ‘SC3’
Execution halted
ERROR: failed to lock directory ‘/geode2/home/u060/mamalec/Carbonate/R/x86_64-pc-linux-gnu-library/4.1’ for modifying
Try removing ‘/geode2/home/u060/mamalec/Carbonate/R/x86_64-pc-linux-gnu-library/4.1/00LOCK-SC3’

Attaching package: ‘BiocGenerics’

The following objects are masked from ‘package:stats’:

    IQR, mad, sd, var, xtabs

The following objects are masked from ‘package:base’:

    anyDuplicated, append, as.data.frame, basename, cbind, colnames,
    dirname, do.call, duplicated, eval, evalq, Filter, Find, get, grep,
    grepl, intersect, is.unsorted, lapply, Map, mapply, match, mget,
    order, paste, pmax, pmax.int, pmin, pmin.int, Position, rank,
    rbind, Reduce, rownames, sapply, setdiff, sort, table, tapply,
    union, unique, unsplit, which.max, which.min

Loading required package: S4Vectors
ERROR: failed to lock directory ‘/geode2/home/u060/mamalec/Carbonate/R/x86_64-pc-linux-gnu-library/4.1’ for modifying
Try removing ‘/geode2/home/u060/mamalec/Carbonate/R/x86_64-pc-linux-gnu-library/4.1/00LOCK-SC3’

Attaching package: ‘S4Vectors’

The following objects are masked from ‘package:base’:

    expand.grid, I, unname

Loading required package: IRanges
Package 'mclust' version 5.4.7
Type 'citation("mclust")' for citing this R package in publications.
ERROR: failed to lock directory ‘/geode2/home/u060/mamalec/Carbonate/R/x86_64-pc-linux-gnu-library/4.1’ for modifying
Try removing ‘/geode2/home/u060/mamalec/Carbonate/R/x86_64-pc-linux-gnu-library/4.1/00LOCK-SC3’
Warning message:
In install.packages("./SC3", repos = NULL, type = "source") :
  installation of package ‘./SC3’ had non-zero exit status
Loading required package: MatrixGenerics
Loading required package: GenomeInfoDb
Loading required package: matrixStats
Loading required package: Biobase
Welcome to Bioconductor

    Vignettes contain introductory material; view with
    'browseVignettes()'. To cite Bioconductor, see
    'citation("Biobase")', and for packages 'citation("pkgname")'.


Attaching package: ‘Biobase’

The following object is masked from ‘package:MatrixGenerics’:

    rowMedians

The following objects are masked from ‘package:matrixStats’:

    anyMissing, rowMedians

Warning message:
In install.packages("./SC3", repos = NULL, type = "source") :
  installation of package ‘./SC3’ had non-zero exit status
Error in library(SC3) : there is no package called ‘SC3’
Execution halted
ERROR: failed to lock directory ‘/geode2/home/u060/mamalec/Carbonate/R/x86_64-pc-linux-gnu-library/4.1’ for modifying
Try removing ‘/geode2/home/u060/mamalec/Carbonate/R/x86_64-pc-linux-gnu-library/4.1/00LOCK-SC3’
* installing *source* package ‘SC3’ ...
Warning message:
In install.packages("./SC3", repos = NULL, type = "source") :
  installation of package ‘./SC3’ had non-zero exit status
** using staged installation

Attaching package: ‘MatrixGenerics’

Package 'mclust' version 5.4.7
Type 'citation("mclust")' for citing this R package in publications.
ERROR: failed to lock directory ‘/geode2/home/u060/mamalec/Carbonate/R/x86_64-pc-linux-gnu-library/4.1’ for modifying
Try removing ‘/geode2/home/u060/mamalec/Carbonate/R/x86_64-pc-linux-gnu-library/4.1/00LOCK-SC3’
The following objects are masked from ‘package:matrixStats’:

    colAlls, colAnyNAs, colAnys, colAvgsPerRowSet, colCollapse,
    colCounts, colCummaxs, colCummins, colCumprods, colCumsums,
    colDiffs, colIQRDiffs, colIQRs, colLogSumExps, colMadDiffs,
    colMads, colMaxs, colMeans2, colMedians, colMins, colOrderStats,
    colProds, colQuantiles, colRanges, colRanks, colSdDiffs, colSds,
    colSums2, colTabulates, colVarDiffs, colVars, colWeightedMads,
    colWeightedMeans, colWeightedMedians, colWeightedSds,
    colWeightedVars, rowAlls, rowAnyNAs, rowAnys, rowAvgsPerColSet,
    rowCollapse, rowCounts, rowCummaxs, rowCummins, rowCumprods,
    rowCumsums, rowDiffs, rowIQRDiffs, rowIQRs, rowLogSumExps,
    rowMadDiffs, rowMads, rowMaxs, rowMeans2, rowMedians, rowMins,
    rowOrderStats, rowProds, rowQuantiles, rowRanges, rowRanks,
    rowSdDiffs, rowSds, rowSums2, rowTabulates, rowVarDiffs, rowVars,
    rowWeightedMads, rowWeightedMeans, rowWeightedMedians,
    rowWeightedSds, rowWeightedVars

Loading required package: GenomicRanges
Loading required package: stats4
ERROR: failed to lock directory ‘/geode2/home/u060/mamalec/Carbonate/R/x86_64-pc-linux-gnu-library/4.1’ for modifying
Try removing ‘/geode2/home/u060/mamalec/Carbonate/R/x86_64-pc-linux-gnu-library/4.1/00LOCK-SC3’
Loading required package: MatrixGenerics
Loading required package: BiocGenerics
Warning message:
In install.packages("./SC3", repos = NULL, type = "source") :
  installation of package ‘./SC3’ had non-zero exit status
Loading required package: matrixStats
Package 'mclust' version 5.4.7
Type 'citation("mclust")' for citing this R package in publications.
ERROR: failed to lock directory ‘/geode2/home/u060/mamalec/Carbonate/R/x86_64-pc-linux-gnu-library/4.1’ for modifying
Try removing ‘/geode2/home/u060/mamalec/Carbonate/R/x86_64-pc-linux-gnu-library/4.1/00LOCK-SC3’
Loading required package: Biobase
Warning message:
In install.packages("./SC3", repos = NULL, type = "source") :
  installation of package ‘./SC3’ had non-zero exit status
** libs
Package 'mclust' version 5.4.7
Type 'citation("mclust")' for citing this R package in publications.

Attaching package: ‘BiocGenerics’

The following objects are masked from ‘package:stats’:

    IQR, mad, sd, var, xtabs

The following objects are masked from ‘package:base’:

    anyDuplicated, append, as.data.frame, basename, cbind, colnames,
    dirname, do.call, duplicated, eval, evalq, Filter, Find, get, grep,
    grepl, intersect, is.unsorted, lapply, Map, mapply, match, mget,
    order, paste, pmax, pmax.int, pmin, pmin.int, Position, rank,
    rbind, Reduce, rownames, sapply, setdiff, sort, table, tapply,
    union, unique, unsplit, which.max, which.min

Warning message:
In install.packages("./SC3", repos = NULL, type = "source") :
  installation of package ‘./SC3’ had non-zero exit status
Loading required package: S4Vectors
Welcome to Bioconductor

    Vignettes contain introductory material; view with
    'browseVignettes()'. To cite Bioconductor, see
    'citation("Biobase")', and for packages 'citation("pkgname")'.

Loading required package: MatrixGenerics

Attaching package: ‘Biobase’

The following object is masked from ‘package:MatrixGenerics’:

    rowMedians

The following objects are masked from ‘package:matrixStats’:

    anyMissing, rowMedians

Loading required package: matrixStats
Loading required package: MatrixGenerics

Attaching package: ‘MatrixGenerics’

Loading required package: matrixStats
The following objects are masked from ‘package:matrixStats’:

    colAlls, colAnyNAs, colAnys, colAvgsPerRowSet, colCollapse,
    colCounts, colCummaxs, colCummins, colCumprods, colCumsums,
    colDiffs, colIQRDiffs, colIQRs, colLogSumExps, colMadDiffs,
    colMads, colMaxs, colMeans2, colMedians, colMins, colOrderStats,
    colProds, colQuantiles, colRanges, colRanks, colSdDiffs, colSds,
    colSums2, colTabulates, colVarDiffs, colVars, colWeightedMads,
    colWeightedMeans, colWeightedMedians, colWeightedSds,
    colWeightedVars, rowAlls, rowAnyNAs, rowAnys, rowAvgsPerColSet,
    rowCollapse, rowCounts, rowCummaxs, rowCummins, rowCumprods,
    rowCumsums, rowDiffs, rowIQRDiffs, rowIQRs, rowLogSumExps,
    rowMadDiffs, rowMads, rowMaxs, rowMeans2, rowMedians, rowMins,
    rowOrderStats, rowProds, rowQuantiles, rowRanges, rowRanks,
    rowSdDiffs, rowSds, rowSums2, rowTabulates, rowVarDiffs, rowVars,
    rowWeightedMads, rowWeightedMeans, rowWeightedMedians,
    rowWeightedSds, rowWeightedVars

Error in library(SC3) : there is no package called ‘SC3’
Execution halted
Warning message:
In install.packages("./SC3", repos = NULL, type = "source") :
  installation of package ‘./SC3’ had non-zero exit status
Loading required package: GenomicRanges
Package 'mclust' version 5.4.7
Type 'citation("mclust")' for citing this R package in publications.
Loading required package: stats4
Package 'mclust' version 5.4.7
Type 'citation("mclust")' for citing this R package in publications.
Warning message:
In install.packages("./SC3", repos = NULL, type = "source") :
  installation of package ‘./SC3’ had non-zero exit status
Loading required package: BiocGenerics
installing to /geode2/home/u060/mamalec/Carbonate/R/x86_64-pc-linux-gnu-library/4.1/00LOCK-SC3/00new/SC3/libs

Attaching package: ‘S4Vectors’

Loading required package: MatrixGenerics
Package 'mclust' version 5.4.7
Type 'citation("mclust")' for citing this R package in publications.
The following objects are masked from ‘package:base’:

    expand.grid, I, unname


Attaching package: ‘MatrixGenerics’

Loading required package: IRanges
Loading required package: matrixStats
The following objects are masked from ‘package:matrixStats’:

    colAlls, colAnyNAs, colAnys, colAvgsPerRowSet, colCollapse,
    colCounts, colCummaxs, colCummins, colCumprods, colCumsums,
    colDiffs, colIQRDiffs, colIQRs, colLogSumExps, colMadDiffs,
    colMads, colMaxs, colMeans2, colMedians, colMins, colOrderStats,
    colProds, colQuantiles, colRanges, colRanks, colSdDiffs, colSds,
    colSums2, colTabulates, colVarDiffs, colVars, colWeightedMads,
    colWeightedMeans, colWeightedMedians, colWeightedSds,
    colWeightedVars, rowAlls, rowAnyNAs, rowAnys, rowAvgsPerColSet,
    rowCollapse, rowCounts, rowCummaxs, rowCummins, rowCumprods,
    rowCumsums, rowDiffs, rowIQRDiffs, rowIQRs, rowLogSumExps,
    rowMadDiffs, rowMads, rowMaxs, rowMeans2, rowMedians, rowMins,
    rowOrderStats, rowProds, rowQuantiles, rowRanges, rowRanks,
    rowSdDiffs, rowSds, rowSums2, rowTabulates, rowVarDiffs, rowVars,
    rowWeightedMads, rowWeightedMeans, rowWeightedMedians,
    rowWeightedSds, rowWeightedVars


Attaching package: ‘MatrixGenerics’

Loading required package: GenomicRanges
The following objects are masked from ‘package:matrixStats’:

    colAlls, colAnyNAs, colAnys, colAvgsPerRowSet, colCollapse,
    colCounts, colCummaxs, colCummins, colCumprods, colCumsums,
    colDiffs, colIQRDiffs, colIQRs, colLogSumExps, colMadDiffs,
    colMads, colMaxs, colMeans2, colMedians, colMins, colOrderStats,
    colProds, colQuantiles, colRanges, colRanks, colSdDiffs, colSds,
    colSums2, colTabulates, colVarDiffs, colVars, colWeightedMads,
    colWeightedMeans, colWeightedMedians, colWeightedSds,
    colWeightedVars, rowAlls, rowAnyNAs, rowAnys, rowAvgsPerColSet,
    rowCollapse, rowCounts, rowCummaxs, rowCummins, rowCumprods,
    rowCumsums, rowDiffs, rowIQRDiffs, rowIQRs, rowLogSumExps,
    rowMadDiffs, rowMads, rowMaxs, rowMeans2, rowMedians, rowMins,
    rowOrderStats, rowProds, rowQuantiles, rowRanges, rowRanks,
    rowSdDiffs, rowSds, rowSums2, rowTabulates, rowVarDiffs, rowVars,
    rowWeightedMads, rowWeightedMeans, rowWeightedMedians,
    rowWeightedSds, rowWeightedVars

Loading required package: GenomicRanges
Loading required package: MatrixGenerics
Loading required package: stats4
Loading required package: stats4
Loading required package: matrixStats

Attaching package: ‘BiocGenerics’

The following objects are masked from ‘package:stats’:

    IQR, mad, sd, var, xtabs

The following objects are masked from ‘package:base’:

    anyDuplicated, append, as.data.frame, basename, cbind, colnames,
    dirname, do.call, duplicated, eval, evalq, Filter, Find, get, grep,
    grepl, intersect, is.unsorted, lapply, Map, mapply, match, mget,
    order, paste, pmax, pmax.int, pmin, pmin.int, Position, rank,
    rbind, Reduce, rownames, sapply, setdiff, sort, table, tapply,
    union, unique, unsplit, which.max, which.min

Package 'mclust' version 5.4.7
Type 'citation("mclust")' for citing this R package in publications.
ERROR: failed to lock directory ‘/geode2/home/u060/mamalec/Carbonate/R/x86_64-pc-linux-gnu-library/4.1’ for modifying
Try removing ‘/geode2/home/u060/mamalec/Carbonate/R/x86_64-pc-linux-gnu-library/4.1/00LOCK-SC3’
Loading required package: S4Vectors
Loading required package: BiocGenerics
Loading required package: MatrixGenerics
Loading required package: matrixStats
Loading required package: BiocGenerics
Loading required package: GenomeInfoDb
Package 'mclust' version 5.4.7
Type 'citation("mclust")' for citing this R package in publications.

Attaching package: ‘BiocGenerics’

The following objects are masked from ‘package:stats’:

    IQR, mad, sd, var, xtabs

The following objects are masked from ‘package:base’:

    anyDuplicated, append, as.data.frame, basename, cbind, colnames,
    dirname, do.call, duplicated, eval, evalq, Filter, Find, get, grep,
    grepl, intersect, is.unsorted, lapply, Map, mapply, match, mget,
    order, paste, pmax, pmax.int, pmin, pmin.int, Position, rank,
    rbind, Reduce, rownames, sapply, setdiff, sort, table, tapply,
    union, unique, unsplit, which.max, which.min


Attaching package: ‘S4Vectors’

The following objects are masked from ‘package:base’:

    expand.grid, I, unname

Loading required package: MatrixGenerics
Loading required package: S4Vectors
Loading required package: IRanges

Attaching package: ‘MatrixGenerics’

Warning message:
In install.packages("./SC3", repos = NULL, type = "source") :
  installation of package ‘./SC3’ had non-zero exit status
The following objects are masked from ‘package:matrixStats’:

    colAlls, colAnyNAs, colAnys, colAvgsPerRowSet, colCollapse,
    colCounts, colCummaxs, colCummins, colCumprods, colCumsums,
    colDiffs, colIQRDiffs, colIQRs, colLogSumExps, colMadDiffs,
    colMads, colMaxs, colMeans2, colMedians, colMins, colOrderStats,
    colProds, colQuantiles, colRanges, colRanks, colSdDiffs, colSds,
    colSums2, colTabulates, colVarDiffs, colVars, colWeightedMads,
    colWeightedMeans, colWeightedMedians, colWeightedSds,
    colWeightedVars, rowAlls, rowAnyNAs, rowAnys, rowAvgsPerColSet,
    rowCollapse, rowCounts, rowCummaxs, rowCummins, rowCumprods,
    rowCumsums, rowDiffs, rowIQRDiffs, rowIQRs, rowLogSumExps,
    rowMadDiffs, rowMads, rowMaxs, rowMeans2, rowMedians, rowMins,
    rowOrderStats, rowProds, rowQuantiles, rowRanges, rowRanks,
    rowSdDiffs, rowSds, rowSums2, rowTabulates, rowVarDiffs, rowVars,
    rowWeightedMads, rowWeightedMeans, rowWeightedMedians,
    rowWeightedSds, rowWeightedVars

Loading required package: matrixStats
Loading required package: GenomicRanges

Attaching package: ‘MatrixGenerics’


Attaching package: ‘BiocGenerics’

The following objects are masked from ‘package:stats’:

    IQR, mad, sd, var, xtabs

The following objects are masked from ‘package:base’:

    anyDuplicated, append, as.data.frame, basename, cbind, colnames,
    dirname, do.call, duplicated, eval, evalq, Filter, Find, get, grep,
    grepl, intersect, is.unsorted, lapply, Map, mapply, match, mget,
    order, paste, pmax, pmax.int, pmin, pmin.int, Position, rank,
    rbind, Reduce, rownames, sapply, setdiff, sort, table, tapply,
    union, unique, unsplit, which.max, which.min

The following objects are masked from ‘package:matrixStats’:

    colAlls, colAnyNAs, colAnys, colAvgsPerRowSet, colCollapse,
    colCounts, colCummaxs, colCummins, colCumprods, colCumsums,
    colDiffs, colIQRDiffs, colIQRs, colLogSumExps, colMadDiffs,
    colMads, colMaxs, colMeans2, colMedians, colMins, colOrderStats,
    colProds, colQuantiles, colRanges, colRanks, colSdDiffs, colSds,
    colSums2, colTabulates, colVarDiffs, colVars, colWeightedMads,
    colWeightedMeans, colWeightedMedians, colWeightedSds,
    colWeightedVars, rowAlls, rowAnyNAs, rowAnys, rowAvgsPerColSet,
    rowCollapse, rowCounts, rowCummaxs, rowCummins, rowCumprods,
    rowCumsums, rowDiffs, rowIQRDiffs, rowIQRs, rowLogSumExps,
    rowMadDiffs, rowMads, rowMaxs, rowMeans2, rowMedians, rowMins,
    rowOrderStats, rowProds, rowQuantiles, rowRanges, rowRanks,
    rowSdDiffs, rowSds, rowSums2, rowTabulates, rowVarDiffs, rowVars,
    rowWeightedMads, rowWeightedMeans, rowWeightedMedians,
    rowWeightedSds, rowWeightedVars

Loading required package: stats4
Loading required package: S4Vectors
Loading required package: GenomicRanges
ERROR: failed to lock directory ‘/geode2/home/u060/mamalec/Carbonate/R/x86_64-pc-linux-gnu-library/4.1’ for modifying
Try removing ‘/geode2/home/u060/mamalec/Carbonate/R/x86_64-pc-linux-gnu-library/4.1/00LOCK-SC3’

Attaching package: ‘S4Vectors’

Loading required package: MatrixGenerics
The following objects are masked from ‘package:base’:

    expand.grid, I, unname

Loading required package: stats4
Loading required package: IRanges

Attaching package: ‘MatrixGenerics’

Loading required package: matrixStats
The following objects are masked from ‘package:matrixStats’:

    colAlls, colAnyNAs, colAnys, colAvgsPerRowSet, colCollapse,
    colCounts, colCummaxs, colCummins, colCumprods, colCumsums,
    colDiffs, colIQRDiffs, colIQRs, colLogSumExps, colMadDiffs,
    colMads, colMaxs, colMeans2, colMedians, colMins, colOrderStats,
    colProds, colQuantiles, colRanges, colRanks, colSdDiffs, colSds,
    colSums2, colTabulates, colVarDiffs, colVars, colWeightedMads,
    colWeightedMeans, colWeightedMedians, colWeightedSds,
    colWeightedVars, rowAlls, rowAnyNAs, rowAnys, rowAvgsPerColSet,
    rowCollapse, rowCounts, rowCummaxs, rowCummins, rowCumprods,
    rowCumsums, rowDiffs, rowIQRDiffs, rowIQRs, rowLogSumExps,
    rowMadDiffs, rowMads, rowMaxs, rowMeans2, rowMedians, rowMins,
    rowOrderStats, rowProds, rowQuantiles, rowRanges, rowRanks,
    rowSdDiffs, rowSds, rowSums2, rowTabulates, rowVarDiffs, rowVars,
    rowWeightedMads, rowWeightedMeans, rowWeightedMedians,
    rowWeightedSds, rowWeightedVars

Loading required package: BiocGenerics
Loading required package: GenomeInfoDb
Loading required package: GenomicRanges
Loading required package: stats4
Loading required package: BiocGenerics

Attaching package: ‘S4Vectors’

The following objects are masked from ‘package:base’:

    expand.grid, I, unname

Loading required package: GenomeInfoDb
Loading required package: IRanges

Attaching package: ‘MatrixGenerics’

Warning message:
The following objects are masked from ‘package:matrixStats’:

    colAlls, colAnyNAs, colAnys, colAvgsPerRowSet, colCollapse,
    colCounts, colCummaxs, colCummins, colCumprods, colCumsums,
    colDiffs, colIQRDiffs, colIQRs, colLogSumExps, colMadDiffs,
    colMads, colMaxs, colMeans2, colMedians, colMins, colOrderStats,
    colProds, colQuantiles, colRanges, colRanks, colSdDiffs, colSds,
    colSums2, colTabulates, colVarDiffs, colVars, colWeightedMads,
    colWeightedMeans, colWeightedMedians, colWeightedSds,
    colWeightedVars, rowAlls, rowAnyNAs, rowAnys, rowAvgsPerColSet,
    rowCollapse, rowCounts, rowCummaxs, rowCummins, rowCumprods,
    rowCumsums, rowDiffs, rowIQRDiffs, rowIQRs, rowLogSumExps,
    rowMadDiffs, rowMads, rowMaxs, rowMeans2, rowMedians, rowMins,
    rowOrderStats, rowProds, rowQuantiles, rowRanges, rowRanks,
    rowSdDiffs, rowSds, rowSums2, rowTabulates, rowVarDiffs, rowVars,
    rowWeightedMads, rowWeightedMeans, rowWeightedMedians,
    rowWeightedSds, rowWeightedVars

In install.packages("./SC3", repos = NULL, type = "source") :
  installation of package ‘./SC3’ had non-zero exit status
Package 'mclust' version 5.4.7
Type 'citation("mclust")' for citing this R package in publications.
Loading required package: BiocGenerics
Loading required package: GenomicRanges

Attaching package: ‘BiocGenerics’

The following objects are masked from ‘package:stats’:

    IQR, mad, sd, var, xtabs

The following objects are masked from ‘package:base’:

    anyDuplicated, append, as.data.frame, basename, cbind, colnames,
    dirname, do.call, duplicated, eval, evalq, Filter, Find, get, grep,
    grepl, intersect, is.unsorted, lapply, Map, mapply, match, mget,
    order, paste, pmax, pmax.int, pmin, pmin.int, Position, rank,
    rbind, Reduce, rownames, sapply, setdiff, sort, table, tapply,
    union, unique, unsplit, which.max, which.min

Loading required package: S4Vectors
Loading required package: stats4

Attaching package: ‘BiocGenerics’

The following objects are masked from ‘package:stats’:

    IQR, mad, sd, var, xtabs

The following objects are masked from ‘package:base’:

    anyDuplicated, append, as.data.frame, basename, cbind, colnames,
    dirname, do.call, duplicated, eval, evalq, Filter, Find, get, grep,
    grepl, intersect, is.unsorted, lapply, Map, mapply, match, mget,
    order, paste, pmax, pmax.int, pmin, pmin.int, Position, rank,
    rbind, Reduce, rownames, sapply, setdiff, sort, table, tapply,
    union, unique, unsplit, which.max, which.min


Attaching package: ‘MatrixGenerics’

Loading required package: S4Vectors
The following objects are masked from ‘package:matrixStats’:

    colAlls, colAnyNAs, colAnys, colAvgsPerRowSet, colCollapse,
    colCounts, colCummaxs, colCummins, colCumprods, colCumsums,
    colDiffs, colIQRDiffs, colIQRs, colLogSumExps, colMadDiffs,
    colMads, colMaxs, colMeans2, colMedians, colMins, colOrderStats,
    colProds, colQuantiles, colRanges, colRanks, colSdDiffs, colSds,
    colSums2, colTabulates, colVarDiffs, colVars, colWeightedMads,
    colWeightedMeans, colWeightedMedians, colWeightedSds,
    colWeightedVars, rowAlls, rowAnyNAs, rowAnys, rowAvgsPerColSet,
    rowCollapse, rowCounts, rowCummaxs, rowCummins, rowCumprods,
    rowCumsums, rowDiffs, rowIQRDiffs, rowIQRs, rowLogSumExps,
    rowMadDiffs, rowMads, rowMaxs, rowMeans2, rowMedians, rowMins,
    rowOrderStats, rowProds, rowQuantiles, rowRanges, rowRanks,
    rowSdDiffs, rowSds, rowSums2, rowTabulates, rowVarDiffs, rowVars,
    rowWeightedMads, rowWeightedMeans, rowWeightedMedians,
    rowWeightedSds, rowWeightedVars

** R
Loading required package: GenomicRanges
Loading required package: BiocGenerics
Loading required package: MatrixGenerics
Loading required package: stats4

Attaching package: ‘BiocGenerics’

The following objects are masked from ‘package:stats’:

    IQR, mad, sd, var, xtabs

Loading required package: GenomeInfoDb
The following objects are masked from ‘package:base’:

    anyDuplicated, append, as.data.frame, basename, cbind, colnames,
    dirname, do.call, duplicated, eval, evalq, Filter, Find, get, grep,
    grepl, intersect, is.unsorted, lapply, Map, mapply, match, mget,
    order, paste, pmax, pmax.int, pmin, pmin.int, Position, rank,
    rbind, Reduce, rownames, sapply, setdiff, sort, table, tapply,
    union, unique, unsplit, which.max, which.min

Loading required package: Biobase
Loading required package: S4Vectors
Loading required package: matrixStats

Attaching package: ‘S4Vectors’

The following objects are masked from ‘package:base’:

    expand.grid, I, unname

Loading required package: IRanges

Attaching package: ‘S4Vectors’

The following objects are masked from ‘package:base’:

    expand.grid, I, unname

** data
Loading required package: BiocGenerics
Loading required package: IRanges
Welcome to Bioconductor

    Vignettes contain introductory material; view with
    'browseVignettes()'. To cite Bioconductor, see
    'citation("Biobase")', and for packages 'citation("pkgname")'.


Attaching package: ‘BiocGenerics’

The following objects are masked from ‘package:stats’:

    IQR, mad, sd, var, xtabs

Package 'mclust' version 5.4.7
Type 'citation("mclust")' for citing this R package in publications.
The following objects are masked from ‘package:base’:

    anyDuplicated, append, as.data.frame, basename, cbind, colnames,
    dirname, do.call, duplicated, eval, evalq, Filter, Find, get, grep,
    grepl, intersect, is.unsorted, lapply, Map, mapply, match, mget,
    order, paste, pmax, pmax.int, pmin, pmin.int, Position, rank,
    rbind, Reduce, rownames, sapply, setdiff, sort, table, tapply,
    union, unique, unsplit, which.max, which.min

Loading required package: S4Vectors

Attaching package: ‘Biobase’

The following object is masked from ‘package:MatrixGenerics’:

    rowMedians

The following objects are masked from ‘package:matrixStats’:

    anyMissing, rowMedians


Attaching package: ‘S4Vectors’

The following objects are masked from ‘package:base’:

    expand.grid, I, unname

Loading required package: IRanges
Loading required package: GenomeInfoDb
Loading required package: Biobase

Attaching package: ‘BiocGenerics’

The following objects are masked from ‘package:stats’:

    IQR, mad, sd, var, xtabs

The following objects are masked from ‘package:base’:

    anyDuplicated, append, as.data.frame, basename, cbind, colnames,
    dirname, do.call, duplicated, eval, evalq, Filter, Find, get, grep,
    grepl, intersect, is.unsorted, lapply, Map, mapply, match, mget,
    order, paste, pmax, pmax.int, pmin, pmin.int, Position, rank,
    rbind, Reduce, rownames, sapply, setdiff, sort, table, tapply,
    union, unique, unsplit, which.max, which.min

Error in library(SC3) : there is no package called ‘SC3’
Execution halted
Loading required package: S4Vectors
Loading required package: GenomeInfoDb

Attaching package: ‘MatrixGenerics’

srun: error: dl10: tasks 1,4-5: Exited with exit code 1
The following objects are masked from ‘package:matrixStats’:

    colAlls, colAnyNAs, colAnys, colAvgsPerRowSet, colCollapse,
    colCounts, colCummaxs, colCummins, colCumprods, colCumsums,
    colDiffs, colIQRDiffs, colIQRs, colLogSumExps, colMadDiffs,
    colMads, colMaxs, colMeans2, colMedians, colMins, colOrderStats,
    colProds, colQuantiles, colRanges, colRanks, colSdDiffs, colSds,
    colSums2, colTabulates, colVarDiffs, colVars, colWeightedMads,
    colWeightedMeans, colWeightedMedians, colWeightedSds,
    colWeightedVars, rowAlls, rowAnyNAs, rowAnys, rowAvgsPerColSet,
    rowCollapse, rowCounts, rowCummaxs, rowCummins, rowCumprods,
    rowCumsums, rowDiffs, rowIQRDiffs, rowIQRs, rowLogSumExps,
    rowMadDiffs, rowMads, rowMaxs, rowMeans2, rowMedians, rowMins,
    rowOrderStats, rowProds, rowQuantiles, rowRanges, rowRanks,
    rowSdDiffs, rowSds, rowSums2, rowTabulates, rowVarDiffs, rowVars,
    rowWeightedMads, rowWeightedMeans, rowWeightedMedians,
    rowWeightedSds, rowWeightedVars

Loading required package: MatrixGenerics

Attaching package: ‘S4Vectors’

The following objects are masked from ‘package:base’:

    expand.grid, I, unname

Loading required package: GenomicRanges
Welcome to Bioconductor

    Vignettes contain introductory material; view with
    'browseVignettes()'. To cite Bioconductor, see
    'citation("Biobase")', and for packages 'citation("pkgname")'.

Loading required package: Biobase
Loading required package: IRanges
Loading required package: matrixStats
Loading required package: stats4
Loading required package: GenomeInfoDb

Attaching package: ‘Biobase’

The following object is masked from ‘package:MatrixGenerics’:

    rowMedians

The following objects are masked from ‘package:matrixStats’:

    anyMissing, rowMedians

Welcome to Bioconductor

    Vignettes contain introductory material; view with
    'browseVignettes()'. To cite Bioconductor, see
    'citation("Biobase")', and for packages 'citation("pkgname")'.


Attaching package: ‘S4Vectors’

The following objects are masked from ‘package:base’:

    expand.grid, I, unname


Attaching package: ‘Biobase’

The following object is masked from ‘package:MatrixGenerics’:

    rowMedians

The following objects are masked from ‘package:matrixStats’:

    anyMissing, rowMedians

Loading required package: IRanges
Loading required package: BiocGenerics
Error in library(SC3) : there is no package called ‘SC3’
Execution halted
Error in library(SC3) : there is no package called ‘SC3’
Execution halted
Loading required package: GenomeInfoDb
*** moving datasets to lazyload DB
Loading required package: Biobase

Attaching package: ‘BiocGenerics’

The following objects are masked from ‘package:stats’:

    IQR, mad, sd, var, xtabs


Attaching package: ‘MatrixGenerics’

The following objects are masked from ‘package:base’:

    anyDuplicated, append, as.data.frame, basename, cbind, colnames,
    dirname, do.call, duplicated, eval, evalq, Filter, Find, get, grep,
    grepl, intersect, is.unsorted, lapply, Map, mapply, match, mget,
    order, paste, pmax, pmax.int, pmin, pmin.int, Position, rank,
    rbind, Reduce, rownames, sapply, setdiff, sort, table, tapply,
    union, unique, unsplit, which.max, which.min

Loading required package: GenomeInfoDb
The following objects are masked from ‘package:matrixStats’:

    colAlls, colAnyNAs, colAnys, colAvgsPerRowSet, colCollapse,
    colCounts, colCummaxs, colCummins, colCumprods, colCumsums,
    colDiffs, colIQRDiffs, colIQRs, colLogSumExps, colMadDiffs,
    colMads, colMaxs, colMeans2, colMedians, colMins, colOrderStats,
    colProds, colQuantiles, colRanges, colRanks, colSdDiffs, colSds,
    colSums2, colTabulates, colVarDiffs, colVars, colWeightedMads,
    colWeightedMeans, colWeightedMedians, colWeightedSds,
    colWeightedVars, rowAlls, rowAnyNAs, rowAnys, rowAvgsPerColSet,
    rowCollapse, rowCounts, rowCummaxs, rowCummins, rowCumprods,
    rowCumsums, rowDiffs, rowIQRDiffs, rowIQRs, rowLogSumExps,
    rowMadDiffs, rowMads, rowMaxs, rowMeans2, rowMedians, rowMins,
    rowOrderStats, rowProds, rowQuantiles, rowRanges, rowRanks,
    rowSdDiffs, rowSds, rowSums2, rowTabulates, rowVarDiffs, rowVars,
    rowWeightedMads, rowWeightedMeans, rowWeightedMedians,
    rowWeightedSds, rowWeightedVars

Loading required package: S4Vectors
Loading required package: GenomicRanges
Welcome to Bioconductor

    Vignettes contain introductory material; view with
    'browseVignettes()'. To cite Bioconductor, see
    'citation("Biobase")', and for packages 'citation("pkgname")'.

Loading required package: stats4

Attaching package: ‘Biobase’

The following object is masked from ‘package:MatrixGenerics’:

    rowMedians

The following objects are masked from ‘package:matrixStats’:

    anyMissing, rowMedians

Loading required package: Biobase

Attaching package: ‘S4Vectors’

Loading required package: BiocGenerics
The following objects are masked from ‘package:base’:

    expand.grid, I, unname

Loading required package: IRanges
Loading required package: Biobase
Error in library(SC3) : there is no package called ‘SC3’
Execution halted
Welcome to Bioconductor

    Vignettes contain introductory material; view with
    'browseVignettes()'. To cite Bioconductor, see
    'citation("Biobase")', and for packages 'citation("pkgname")'.


Attaching package: ‘Biobase’

Welcome to Bioconductor

    Vignettes contain introductory material; view with
    'browseVignettes()'. To cite Bioconductor, see
    'citation("Biobase")', and for packages 'citation("pkgname")'.

The following object is masked from ‘package:MatrixGenerics’:

    rowMedians

The following objects are masked from ‘package:matrixStats’:

    anyMissing, rowMedians

Loading required package: Biobase

Attaching package: ‘BiocGenerics’

The following objects are masked from ‘package:stats’:

    IQR, mad, sd, var, xtabs

The following objects are masked from ‘package:base’:

    anyDuplicated, append, as.data.frame, basename, cbind, colnames,
    dirname, do.call, duplicated, eval, evalq, Filter, Find, get, grep,
    grepl, intersect, is.unsorted, lapply, Map, mapply, match, mget,
    order, paste, pmax, pmax.int, pmin, pmin.int, Position, rank,
    rbind, Reduce, rownames, sapply, setdiff, sort, table, tapply,
    union, unique, unsplit, which.max, which.min


Attaching package: ‘Biobase’

The following object is masked from ‘package:MatrixGenerics’:

    rowMedians

The following objects are masked from ‘package:matrixStats’:

    anyMissing, rowMedians

Loading required package: S4Vectors
Loading required package: GenomeInfoDb
Error in library(SC3) : there is no package called ‘SC3’
Execution halted
Welcome to Bioconductor

    Vignettes contain introductory material; view with
    'browseVignettes()'. To cite Bioconductor, see
    'citation("Biobase")', and for packages 'citation("pkgname")'.

Loading required package: Biobase
Error in library(SC3) : there is no package called ‘SC3’
Execution halted

Attaching package: ‘Biobase’

The following object is masked from ‘package:MatrixGenerics’:

    rowMedians

The following objects are masked from ‘package:matrixStats’:

    anyMissing, rowMedians

Welcome to Bioconductor

    Vignettes contain introductory material; view with
    'browseVignettes()'. To cite Bioconductor, see
    'citation("Biobase")', and for packages 'citation("pkgname")'.


Attaching package: ‘S4Vectors’

The following objects are masked from ‘package:base’:

    expand.grid, I, unname

Loading required package: IRanges
Error in library(SC3) : there is no package called ‘SC3’
Execution halted
Loading required package: Biobase

Attaching package: ‘Biobase’

The following object is masked from ‘package:MatrixGenerics’:

    rowMedians

The following objects are masked from ‘package:matrixStats’:

    anyMissing, rowMedians

Welcome to Bioconductor

    Vignettes contain introductory material; view with
    'browseVignettes()'. To cite Bioconductor, see
    'citation("Biobase")', and for packages 'citation("pkgname")'.

Error in library(SC3) : there is no package called ‘SC3’
Execution halted

Attaching package: ‘Biobase’

The following object is masked from ‘package:MatrixGenerics’:

    rowMedians

The following objects are masked from ‘package:matrixStats’:

    anyMissing, rowMedians

Loading required package: GenomeInfoDb
Error in library(SC3) : there is no package called ‘SC3’
Execution halted
Loading required package: Biobase
Welcome to Bioconductor

    Vignettes contain introductory material; view with
    'browseVignettes()'. To cite Bioconductor, see
    'citation("Biobase")', and for packages 'citation("pkgname")'.


Attaching package: ‘Biobase’

The following object is masked from ‘package:MatrixGenerics’:

    rowMedians

The following objects are masked from ‘package:matrixStats’:

    anyMissing, rowMedians

Error in library(SC3) : there is no package called ‘SC3’
Execution halted
Loading required package: Biobase
Welcome to Bioconductor

    Vignettes contain introductory material; view with
    'browseVignettes()'. To cite Bioconductor, see
    'citation("Biobase")', and for packages 'citation("pkgname")'.

srun: error: dl10: tasks 2,7-8,15: Exited with exit code 1

Attaching package: ‘Biobase’

The following object is masked from ‘package:MatrixGenerics’:

    rowMedians

The following objects are masked from ‘package:matrixStats’:

    anyMissing, rowMedians

Error in library(SC3) : there is no package called ‘SC3’
Execution halted
srun: error: dl10: tasks 0,6,10-14: Exited with exit code 1
** inst
** byte-compile and prepare package for lazy loading
** help
*** installing help indices
** building package indices
** installing vignettes
** testing if installed package can be loaded from temporary location
Setting SC3 parameters...
Performing transformations and calculating eigenvectors...
Loading required package: SC3
Loading required package: foreach
Loading required package: rngtools
Error in transformation(get(hash.table[i, 1], dists), hash.table[i, 2],  : 
  could not find function "transformation"
In addition: Warning message:
In library(package, lib.loc = lib.loc, character.only = TRUE, logical.return = TRUE,  :
  there is no package called ‘SC3’
Error in checkForRemoteErrors(val) : 
  one node produced an error: Error in transformation(get(hash.table[i, 1], dists), hash.table[i, 2],  : 
  could not find function "transformation"
Calls: driver ... clusterApplyLB -> dynamicClusterApply -> checkForRemoteErrors
Execution halted
Error in unserialize(node$con) : error reading from connection
Calls: <Anonymous> ... doTryCatch -> recvData -> recvData.SOCKnode -> unserialize
Execution halted
** checking absolute paths in shared objects and dynamic libraries
srun: error: dl10: task 3: Exited with exit code 1
** testing if installed package can be loaded from final location
** testing if installed package keeps a record of temporary installation path
* DONE (SC3)
Package 'mclust' version 5.4.7
Type 'citation("mclust")' for citing this R package in publications.
Loading required package: MatrixGenerics
Loading required package: matrixStats

Attaching package: ‘MatrixGenerics’

The following objects are masked from ‘package:matrixStats’:

    colAlls, colAnyNAs, colAnys, colAvgsPerRowSet, colCollapse,
    colCounts, colCummaxs, colCummins, colCumprods, colCumsums,
    colDiffs, colIQRDiffs, colIQRs, colLogSumExps, colMadDiffs,
    colMads, colMaxs, colMeans2, colMedians, colMins, colOrderStats,
    colProds, colQuantiles, colRanges, colRanks, colSdDiffs, colSds,
    colSums2, colTabulates, colVarDiffs, colVars, colWeightedMads,
    colWeightedMeans, colWeightedMedians, colWeightedSds,
    colWeightedVars, rowAlls, rowAnyNAs, rowAnys, rowAvgsPerColSet,
    rowCollapse, rowCounts, rowCummaxs, rowCummins, rowCumprods,
    rowCumsums, rowDiffs, rowIQRDiffs, rowIQRs, rowLogSumExps,
    rowMadDiffs, rowMads, rowMaxs, rowMeans2, rowMedians, rowMins,
    rowOrderStats, rowProds, rowQuantiles, rowRanges, rowRanks,
    rowSdDiffs, rowSds, rowSums2, rowTabulates, rowVarDiffs, rowVars,
    rowWeightedMads, rowWeightedMeans, rowWeightedMedians,
    rowWeightedSds, rowWeightedVars

Loading required package: GenomicRanges
Loading required package: stats4
Loading required package: BiocGenerics

Attaching package: ‘BiocGenerics’

The following objects are masked from ‘package:stats’:

    IQR, mad, sd, var, xtabs

The following objects are masked from ‘package:base’:

    anyDuplicated, append, as.data.frame, basename, cbind, colnames,
    dirname, do.call, duplicated, eval, evalq, Filter, Find, get, grep,
    grepl, intersect, is.unsorted, lapply, Map, mapply, match, mget,
    order, paste, pmax, pmax.int, pmin, pmin.int, Position, rank,
    rbind, Reduce, rownames, sapply, setdiff, sort, table, tapply,
    union, unique, unsplit, which.max, which.min

Loading required package: S4Vectors

Attaching package: ‘S4Vectors’

The following objects are masked from ‘package:base’:

    expand.grid, I, unname

Loading required package: IRanges
Loading required package: GenomeInfoDb
Loading required package: Biobase
Welcome to Bioconductor

    Vignettes contain introductory material; view with
    'browseVignettes()'. To cite Bioconductor, see
    'citation("Biobase")', and for packages 'citation("pkgname")'.


Attaching package: ‘Biobase’

The following object is masked from ‘package:MatrixGenerics’:

    rowMedians

The following objects are masked from ‘package:matrixStats’:

    anyMissing, rowMedians

Setting SC3 parameters...
Performing transformations and calculating eigenvectors...
Loading required package: SC3
loaded SC3 and set parent environment
Loading required package: foreach
Loading required package: rngtools
Performing k-means clustering...
Loading required package: SC3
Loading required package: SC3
Loading required package: SC3
Loading required package: SC3
Loading required package: SC3
Loading required package: SC3
Loading required package: SC3
Loading required package: SC3
Loading required package: SC3
Loading required package: SC3
Loading required package: SC3
Loading required package: SC3
Loading required package: SC3
Loading required package: SC3
Loading required package: SC3
Loading required package: SC3
Loading required package: SC3
Loading required package: SC3
Loading required package: SC3
Loading required package: SC3
Loading required package: SC3
Loading required package: SC3
Loading required package: SC3
loaded SC3 and set parent environment
loaded SC3 and set parent environment
loaded SC3 and set parent environment
loaded SC3 and set parent environment
loaded SC3 and set parent environment
loaded SC3 and set parent environment
loaded SC3 and set parent environment
loaded SC3 and set parent environment
loaded SC3 and set parent environment
Loading required package: foreach
Loading required package: foreach
loaded SC3 and set parent environment
Loading required package: foreach
Loading required package: foreach
Loading required package: foreach
Loading required package: foreach
Loading required package: foreach
Loading required package: foreach
Loading required package: foreach
Loading required package: foreach
loaded SC3 and set parent environment
loaded SC3 and set parent environment
loaded SC3 and set parent environment
Loading required package: rngtools
loaded SC3 and set parent environment
Loading required package: rngtools
Loading required package: rngtools
Loading required package: foreach
Loading required package: rngtools
Loading required package: foreach
Loading required package: rngtools
Loading required package: rngtools
Loading required package: rngtools
Loading required package: rngtools
Loading required package: rngtools
Loading required package: foreach
loaded SC3 and set parent environment
loaded SC3 and set parent environment
Loading required package: foreach
Loading required package: rngtools
loaded SC3 and set parent environment
loaded SC3 and set parent environment
loaded SC3 and set parent environment
loaded SC3 and set parent environment
Loading required package: foreach
Loading required package: foreach
Loading required package: rngtools
Loading required package: foreach
Loading required package: foreach
Loading required package: rngtools
Loading required package: foreach
Loading required package: rngtools
Loading required package: foreach
Loading required package: rngtools
loaded SC3 and set parent environment
Loading required package: foreach
Loading required package: rngtools
loaded SC3 and set parent environment
Loading required package: rngtools
loaded SC3 and set parent environment
Loading required package: rngtools
Loading required package: rngtools
Loading required package: rngtools
Loading required package: rngtools
Loading required package: foreach
Loading required package: foreach
Loading required package: rngtools
Loading required package: rngtools
Loading required package: rngtools
Error in loadNamespace(x) : there is no package called ‘scran’
Error in loadNamespace(x) : there is no package called ‘scran’
Error in loadNamespace(x) : there is no package called ‘scran’
Error in checkForRemoteErrors(val) : 
  3 nodes produced errors; first error: Error in loadNamespace(x) : there is no package called ‘scran’
Calls: driver ... clusterApplyLB -> dynamicClusterApply -> checkForRemoteErrors
Execution halted
Error in unserialize(node$con) : error reading from connection
Calls: <Anonymous> ... doTryCatch -> recvData -> recvData.SOCKnode -> unserialize
Execution halted
Error in unserialize(node$con) : error reading from connection
Calls: <Anonymous> ... doTryCatch -> recvData -> recvData.SOCKnode -> unserialize
Execution halted
Error in unserialize(node$con) : error reading from connection
Calls: <Anonymous> ... doTryCatch -> recvData -> recvData.SOCKnode -> unserialize
Execution halted
Error in unserialize(node$con) : error reading from connection
Calls: <Anonymous> ... doTryCatch -> recvData -> recvData.SOCKnode -> unserialize
Execution halted
Error in unserialize(node$con) : error reading from connection
Calls: <Anonymous> ... doTryCatch -> recvData -> recvData.SOCKnode -> unserialize
Execution halted
Error in unserialize(node$con) : error reading from connection
Calls: <Anonymous> ... doTryCatch -> recvData -> recvData.SOCKnode -> unserialize
Execution halted
Error in unserialize(node$con) : error reading from connection
Calls: <Anonymous> ... doTryCatch -> recvData -> recvData.SOCKnode -> unserialize
Execution halted
Error in unserialize(node$con) : error reading from connection
Calls: <Anonymous> ... doTryCatch -> recvData -> recvData.SOCKnode -> unserialize
Execution halted
Error in unserialize(node$con) : error reading from connection
Calls: <Anonymous> ... doTryCatch -> recvData -> recvData.SOCKnode -> unserialize
Execution halted
Error in unserialize(node$con) : error reading from connection
Calls: <Anonymous> ... doTryCatch -> recvData -> recvData.SOCKnode -> unserialize
Execution halted
Error in unserialize(node$con) : error reading from connection
Calls: <Anonymous> ... doTryCatch -> recvData -> recvData.SOCKnode -> unserialize
Execution halted
Error in unserialize(node$con) : error reading from connection
Calls: <Anonymous> ... doTryCatch -> recvData -> recvData.SOCKnode -> unserialize
Execution halted
Error in unserialize(node$con) : error reading from connection
Calls: <Anonymous> ... doTryCatch -> recvData -> recvData.SOCKnode -> unserialize
Execution halted
Error in unserialize(node$con) : error reading from connection
Calls: <Anonymous> ... doTryCatch -> recvData -> recvData.SOCKnode -> unserialize
Execution halted
Error in unserialize(node$con) : error reading from connection
Calls: <Anonymous> ... doTryCatch -> recvData -> recvData.SOCKnode -> unserialize
Execution halted
Error in unserialize(node$con) : error reading from connection
Calls: <Anonymous> ... doTryCatch -> recvData -> recvData.SOCKnode -> unserialize
Execution halted
Error in unserialize(node$con) : error reading from connection
Calls: <Anonymous> ... doTryCatch -> recvData -> recvData.SOCKnode -> unserialize
Execution halted
Error in unserialize(node$con) : error reading from connection
Calls: <Anonymous> ... doTryCatch -> recvData -> recvData.SOCKnode -> unserialize
Execution halted
Error in unserialize(node$con) : error reading from connection
Calls: <Anonymous> ... doTryCatch -> recvData -> recvData.SOCKnode -> unserialize
Execution halted
Error in unserialize(node$con) : error reading from connection
Calls: <Anonymous> ... doTryCatch -> recvData -> recvData.SOCKnode -> unserialize
Execution halted
Error in unserialize(node$con) : error reading from connection
Calls: <Anonymous> ... doTryCatch -> recvData -> recvData.SOCKnode -> unserialize
Execution halted
Error in unserialize(node$con) : error reading from connection
Calls: <Anonymous> ... doTryCatch -> recvData -> recvData.SOCKnode -> unserialize
Execution halted
Error in unserialize(node$con) : error reading from connection
Calls: <Anonymous> ... doTryCatch -> recvData -> recvData.SOCKnode -> unserialize
Execution halted
srun: error: dl10: task 9: Exited with exit code 1
